<?xml version="1.0" encoding="UTF-8"?>
<!-- Generated by org.testng.reporters.JUnitXMLReporter -->
<testsuite ignored="0" hostname="DESKTOP-SFL0C3K" failures="1" tests="2" name="Test-Runner-2" time="172.254" errors="0" timestamp="2023-04-08T12:33:24 IST">
  <testcase classname="Vtiger.Organization.Tests.CreateOrganizationTest" name="createOrgTest" time="0.017">
    <failure type="java.io.FileNotFoundException" message=".\src\test\resources\Test Data.xlsx (The system cannot find the file specified)">
      <![CDATA[java.io.FileNotFoundException: .\src\test\resources\Test Data.xlsx (The system cannot find the file specified)
at java.base/java.io.FileInputStream.open0(Native Method)
at java.base/java.io.FileInputStream.open(FileInputStream.java:216)
at java.base/java.io.FileInputStream.<init>(FileInputStream.java:157)
at java.base/java.io.FileInputStream.<init>(FileInputStream.java:111)
at Vtiger.GenericUtilities.ExcelFileUtility.readDataFromExcel(ExcelFileUtility.java:32)
at Vtiger.Organization.Tests.CreateOrganizationTest.createOrgTest(CreateOrganizationTest.java:20)
at java.base/java.util.ArrayList.forEach(ArrayList.java:1511)
at java.base/java.util.concurrent.FutureTask.run(FutureTask.java:264)
at java.base/java.util.concurrent.ThreadPoolExecutor.runWorker(ThreadPoolExecutor.java:1136)
at java.base/java.util.concurrent.ThreadPoolExecutor$Worker.run(ThreadPoolExecutor.java:635)
at java.base/java.lang.Thread.run(Thread.java:833)
... Removed 18 stack frames]]>
    </failure>
  </testcase> <!-- createOrgTest -->
  <testcase classname="Vtiger.Organization.Tests.CreateOrganizationTest" name="demo" time="0.006"/>
</testsuite> <!-- Test-Runner-2 -->
