<?xml version="1.0" encoding="UTF-8"?>
<!-- Generated by org.testng.reporters.JUnitReportReporter -->
<testsuite hostname="DESKTOP-SFL0C3K" failures="0" tests="4" name="Vtiger.Organization.Tests.CreateMultileOrgTest" time="88.600" errors="0" timestamp="2023-04-08T21:22:51 IST" skipped="0">
  <testcase classname="Vtiger.Organization.Tests.CreateMultileOrgTest" name="createOrgTest" time="28.428"/>
  <system-out/>
  <testcase classname="Vtiger.Organization.Tests.CreateMultileOrgTest" name="createOrgTest" time="16.211"/>
  <system-out/>
  <testcase classname="Vtiger.Organization.Tests.CreateMultileOrgTest" name="createOrgTest" time="17.522"/>
  <system-out/>
  <testcase classname="Vtiger.Organization.Tests.CreateMultileOrgTest" name="createOrgTest" time="26.439"/>
  <system-out/>
</testsuite> <!-- Vtiger.Organization.Tests.CreateMultileOrgTest -->
