<?xml version="1.0" encoding="UTF-8"?>
<!-- Generated by org.testng.reporters.JUnitReportReporter -->
<testsuite hostname="DESKTOP-SFL0C3K" failures="0" tests="2" name="Vtiger.Practice.BaseClassPractice" time="0.022" errors="0" timestamp="2023-04-04T14:03:18 IST" skipped="0">
  <testcase classname="Vtiger.Practice.BaseClassPractice" name="test" time="0.018"/>
  <system-out/>
  <testcase classname="Vtiger.Practice.BaseClassPractice" name="test2" time="0.004"/>
  <system-out/>
</testsuite> <!-- Vtiger.Practice.BaseClassPractice -->
