<?xml version="1.0" encoding="UTF-8"?>
<!-- Generated by org.testng.reporters.JUnitReportReporter -->
<testsuite skipped="0" hostname="DESKTOP-SFL0C3K" name="Vtiger.Practice.ReadDataFromcmdLine" tests="1" failures="0" timestamp="2023-04-10T11:02:15 IST" time="0.020" errors="0">
  <testcase name="test" time="0.020" classname="Vtiger.Practice.ReadDataFromcmdLine"/>
  <system-out/>
</testsuite> <!-- Vtiger.Practice.ReadDataFromcmdLine -->
