<?xml version="1.0" encoding="UTF-8"?>
<!-- Generated by org.testng.reporters.JUnitReportReporter -->
<testsuite hostname="DESKTOP-SFL0C3K" failures="0" tests="1" name="Vtiger.Contacts.Tests.CreateContactWithOrganizations" time="72.003" errors="0" timestamp="2023-04-08T17:15:30 IST" skipped="0">
  <testcase classname="Vtiger.Contacts.Tests.CreateContactWithOrganizations" name="createContWithOrgTest" time="72.003"/>
  <system-out/>
</testsuite> <!-- Vtiger.Contacts.Tests.CreateContactWithOrganizations -->
